Arguments: 
  C:\Program Files\nodejs\node.exe C:\Users\Joe\AppData\Roaming\npm\node_modules\@sanity\cli\vendor\yarn install --json --non-interactive --ignore-engines --registry https://registry.npmjs.org

PATH: 
  C:\Users\Joe\Desktop\Coding Folder\private-portfolio-site\sanity\node_modules\.bin;C:\Users\Joe\Desktop\Coding Folder\private-portfolio-site\node_modules\.bin;C:\Users\Joe\Desktop\Coding Folder\node_modules\.bin;C:\Users\Joe\Desktop\node_modules\.bin;C:\Users\Joe\node_modules\.bin;C:\Users\node_modules\.bin;C:\node_modules\.bin;C:\Program Files\nodejs;C:\Users\Joe\AppData\Roaming\npm\node_modules\vendor;C:\Program Files\Git\mingw64\bin;C:\Program Files\Git\usr\bin;C:\Users\Joe\bin;C:\Program Files (x86)\Razer Chroma SDK\bin;C:\Program Files\Razer Chroma SDK\bin;C:\Program Files (x86)\Razer\ChromaBroadcast\bin;C:\Program Files\Razer\ChromaBroadcast\bin;C:\Program Files\Common Files\Microsoft Shared\Windows Live;C:\Program Files (x86)\Common Files\Microsoft Shared\Windows Live;C:\Program Files (x86)\Intel\iCLS Client;C:\Program Files\Intel\iCLS Client;C:\windows\system32;C:\windows;C:\windows\System32\Wbem;C:\windows\System32\WindowsPowerShell\v1.0;C:\Program Files\Intel\Intel(R) Management Engine Components\DAL;C:\Program Files\Intel\Intel(R) Management Engine Components\IPT;C:\Program Files (x86)\Intel\Intel(R) Management Engine Components\DAL;C:\Program Files (x86)\Intel\Intel(R) Management Engine Components\IPT;C:\Program Files (x86)\Windows Live\Shared;C:\Program Files (x86)\Common Files\Roxio Shared\DLLShared;C:\Program Files (x86)\Common Files\Roxio Shared\VHStoDVD\DLLShared;C:\Program Files (x86)\Skype\Phone;C:\Program Files (x86)\QuickTime\QTSystem;C:\Program Files\Git\cmd;C:\Program Files\Git\mingw64\bin;C:\Program Files\Git\usr\bin;C:\Users\Joe\AppData\Local\Programs\Microsoft VS Code\bin;C:\Users\Joe\AppData\Roaming\npm;C:\Program Files\heroku\bin;C:\WINDOWS\system32;C:\WINDOWS;C:\WINDOWS\System32\Wbem;C:\WINDOWS\System32\WindowsPowerShell\v1.0;C:\WINDOWS\System32\OpenSSH;C:\Program Files\nodejs;C:\Users\Joe\AppData\Local\Programs\Microsoft VS Code\bin;C:\Program Files\heroku\bin;C:\Users\Joe\AppData\Local\Microsoft\WindowsApps;C:\Users\Joe\AppData\Roaming\npm;C:\Users\Joe\AppData\Local\Programs\Microsoft VS Code\Code.exe;C:\Program Files (x86)\GitHub CLI

Yarn version: 
  1.6.0

Node version: 
  15.0.1

Platform: 
  win32 x64

Trace: 
  Error: https://registry.npmjs.org/date-fns/-/date-fns-2.17.0.tgz: ESOCKETTIMEDOUT
      at ClientRequest.<anonymous> (C:\Users\Joe\AppData\Roaming\npm\node_modules\@sanity\cli\vendor\yarn:133816:19)
      at Object.onceWrapper (node:events:433:28)
      at ClientRequest.emit (node:events:327:20)
      at TLSSocket.emitRequestTimeout (node:_http_client:796:9)
      at Object.onceWrapper (node:events:433:28)
      at TLSSocket.emit (node:events:339:22)
      at TLSSocket.Socket._onTimeout (node:net:471:8)
      at listOnTimeout (node:internal/timers:555:17)
      at processTimers (node:internal/timers:498:7)

npm manifest: 
  {
    "name": "finkdevelopment",
    "private": true,
    "version": "1.0.0",
    "description": "",
    "main": "package.json",
    "author": "Joe Fink <jfrancisfink@gmail.com>",
    "license": "UNLICENSED",
    "scripts": {
      "start": "sanity start",
      "build": "sanity build"
    },
    "keywords": [
      "sanity"
    ],
    "dependencies": {
      "@sanity/base": "^2.3.7",
      "@sanity/components": "^2.2.6",
      "@sanity/core": "^2.3.3",
      "@sanity/default-layout": "^2.3.7",
      "@sanity/default-login": "^2.2.6",
      "@sanity/desk-tool": "^2.3.7",
      "@sanity/vision": "^2.2.6",
      "prop-types": "^15.7",
      "react": "^17.0",
      "react-dom": "^17.0"
    },
    "devDependencies": {}
  }

yarn manifest: 
  No manifest

Lockfile: 
  No lockfile
